#
# There is insufficient memory for the Java Runtime Environment to continue.
# Native memory allocation (malloc) failed to allocate 1110096 bytes for Chunk::new
# Possible reasons:
#   The system is out of physical RAM or swap space
#   The process is running with CompressedOops enabled, and the Java Heap may be blocking the growth of the native heap
# Possible solutions:
#   Reduce memory load on the system
#   Increase physical memory or swap space
#   Check if swap backing store is full
#   Decrease Java heap size (-Xmx/-Xms)
#   Decrease number of Java threads
#   Decrease Java thread stack sizes (-Xss)
#   Set larger code cache with -XX:ReservedCodeCacheSize=
#   JVM is running with Unscaled Compressed Oops mode in which the Java heap is
#     placed in the first 4GB address space. The Java Heap base address is the
#     maximum limit for the native heap growth. Please use -XX:HeapBaseMinAddress
#     to set the Java Heap base and to place the Java Heap above 4GB virtual address.
# This output file may be truncated or incomplete.
#
#  Out of Memory Error (arena.cpp:189), pid=12252, tid=19924
#
# JRE version: Java(TM) SE Runtime Environment (17.0.3.1+2) (build 17.0.3.1+2-LTS-6)
# Java VM: Java HotSpot(TM) 64-Bit Server VM (17.0.3.1+2-LTS-6, mixed mode, sharing, tiered, compressed oops, compressed class ptrs, g1 gc, windows-amd64)
# No core dump will be written. Minidumps are not enabled by default on client versions of Windows
#

---------------  S U M M A R Y ------------

Command Line: -Dcom.sun.management.jmxremote -Dcom.sun.management.jmxremote.port=62041 -Dcom.sun.management.jmxremote.authenticate=false -Dcom.sun.management.jmxremote.ssl=false -Dspring.jmx.enabled=true -Djava.rmi.server.hostname=localhost -Dspring.application.admin.enabled=true -Dspring.boot.project.name=apicampeonatosfifa -XX:+ShowCodeDetailsInExceptionMessages -Dmanagement.endpoints.jmx.exposure.include=* apicampeonatosfifa.apicampeonatosfifa.ApicampeonatosfifaApplication

Host: Intel(R) Core(TM) i3-1005G1 CPU @ 1.20GHz, 4 cores, 7G,  Windows 11 , 64 bit Build 22621 (10.0.22621.3235)
Time: Wed Apr 10 20:50:13 2024 Hora est. Pacífico, Sudamérica elapsed time: 4.645010 seconds (0d 0h 0m 4s)

---------------  T H R E A D  ---------------

Current thread (0x0000020ab6a29d50):  JavaThread "C2 CompilerThread0" daemon [_thread_in_native, id=19924, stack(0x000000e50f500000,0x000000e50f600000)]


Current CompileTask:
C2:   4645 1968       4       jdk.internal.org.objectweb.asm.Frame::execute (2305 bytes)

Stack: [0x000000e50f500000,0x000000e50f600000]
Native frames: (J=compiled Java code, j=interpreted, Vv=VM code, C=native code)
V  [jvm.dll+0x6711ba]
V  [jvm.dll+0x7d0834]
V  [jvm.dll+0x7d1fde]
V  [jvm.dll+0x7d2643]
V  [jvm.dll+0x242c85]
V  [jvm.dll+0xaa57b]
V  [jvm.dll+0xaab0c]
V  [jvm.dll+0x35ff22]
V  [jvm.dll+0x1b9ca8]
V  [jvm.dll+0x215eb9]
V  [jvm.dll+0x215181]
V  [jvm.dll+0x1a1c3d]
V  [jvm.dll+0x2249c8]
V  [jvm.dll+0x222b2c]
V  [jvm.dll+0x78650b]
V  [jvm.dll+0x780aca]
V  [jvm.dll+0x670045]
C  [ucrtbase.dll+0x29363]
C  [KERNEL32.DLL+0x1257d]
C  [ntdll.dll+0x5aa58]


---------------  P R O C E S S  ---------------

Threads class SMR info:
_java_thread_list=0x0000020ab8660410, length=17, elements={
0x0000020a97384fb0, 0x0000020ab6a0c200, 0x0000020ab6a0ddc0, 0x0000020ab6a23040,
0x0000020ab6a23bf0, 0x0000020ab6a286c0, 0x0000020ab6a29070, 0x0000020ab6a29d50,
0x0000020ab6a91740, 0x0000020ab6a9ac70, 0x0000020ab69f84a0, 0x0000020ab7527690,
0x0000020ab7a257b0, 0x0000020ab7b1a1e0, 0x0000020ab7b1ec60, 0x0000020ab7fd8310,
0x0000020ab878e810
}

Java Threads: ( => current thread )
  0x0000020a97384fb0 JavaThread "main" [_thread_blocked, id=3860, stack(0x000000e50e800000,0x000000e50e900000)]
  0x0000020ab6a0c200 JavaThread "Reference Handler" daemon [_thread_blocked, id=15100, stack(0x000000e50ef00000,0x000000e50f000000)]
  0x0000020ab6a0ddc0 JavaThread "Finalizer" daemon [_thread_blocked, id=21444, stack(0x000000e50f000000,0x000000e50f100000)]
  0x0000020ab6a23040 JavaThread "Signal Dispatcher" daemon [_thread_blocked, id=12372, stack(0x000000e50f100000,0x000000e50f200000)]
  0x0000020ab6a23bf0 JavaThread "Attach Listener" daemon [_thread_blocked, id=9144, stack(0x000000e50f200000,0x000000e50f300000)]
  0x0000020ab6a286c0 JavaThread "Service Thread" daemon [_thread_blocked, id=19792, stack(0x000000e50f300000,0x000000e50f400000)]
  0x0000020ab6a29070 JavaThread "Monitor Deflation Thread" daemon [_thread_blocked, id=18160, stack(0x000000e50f400000,0x000000e50f500000)]
=>0x0000020ab6a29d50 JavaThread "C2 CompilerThread0" daemon [_thread_in_native, id=19924, stack(0x000000e50f500000,0x000000e50f600000)]
  0x0000020ab6a91740 JavaThread "C1 CompilerThread0" daemon [_thread_blocked, id=19548, stack(0x000000e50f600000,0x000000e50f700000)]
  0x0000020ab6a9ac70 JavaThread "Sweeper thread" daemon [_thread_blocked, id=12940, stack(0x000000e50f700000,0x000000e50f800000)]
  0x0000020ab69f84a0 JavaThread "Common-Cleaner" daemon [_thread_blocked, id=1148, stack(0x000000e50f800000,0x000000e50f900000)]
  0x0000020ab7527690 JavaThread "Notification Thread" daemon [_thread_blocked, id=21396, stack(0x000000e50f900000,0x000000e50fa00000)]
  0x0000020ab7a257b0 JavaThread "RMI TCP Accept-0" daemon [_thread_in_native, id=24816, stack(0x000000e50fb00000,0x000000e50fc00000)]
  0x0000020ab7b1a1e0 JavaThread "RMI TCP Accept-62041" daemon [_thread_in_native, id=22728, stack(0x000000e50fc00000,0x000000e50fd00000)]
  0x0000020ab7b1ec60 JavaThread "RMI TCP Accept-0" daemon [_thread_in_native, id=14668, stack(0x000000e50fd00000,0x000000e50fe00000)]
  0x0000020ab7fd8310 JavaThread "background-preinit" [_thread_in_native, id=4580, stack(0x000000e510300000,0x000000e510400000)]
  0x0000020ab878e810 JavaThread "C2 CompilerThread1" daemon [_thread_blocked, id=11744, stack(0x000000e510400000,0x000000e510500000)]

Other Threads:
  0x0000020ab6a04740 VMThread "VM Thread" [stack: 0x000000e50ee00000,0x000000e50ef00000] [id=1832]
  0x0000020a97385e20 WatcherThread [stack: 0x000000e50fe00000,0x000000e50ff00000] [id=7232]
  0x0000020a973e8220 GCTaskThread "GC Thread#0" [stack: 0x000000e50e900000,0x000000e50ea00000] [id=13940]
  0x0000020ab7c42bc0 GCTaskThread "GC Thread#1" [stack: 0x000000e50ff00000,0x000000e510000000] [id=8300]
  0x0000020ab7c42e70 GCTaskThread "GC Thread#2" [stack: 0x000000e510000000,0x000000e510100000] [id=21560]
  0x0000020ab7bc4fd0 GCTaskThread "GC Thread#3" [stack: 0x000000e510100000,0x000000e510200000] [id=7300]
  0x0000020a973f8b20 ConcurrentGCThread "G1 Main Marker" [stack: 0x000000e50ea00000,0x000000e50eb00000] [id=22404]
  0x0000020a973f9530 ConcurrentGCThread "G1 Conc#0" [stack: 0x000000e50eb00000,0x000000e50ec00000] [id=23912]
  0x0000020a9743ead0 ConcurrentGCThread "G1 Refine#0" [stack: 0x000000e50ec00000,0x000000e50ed00000] [id=14660]
  0x0000020ab7c0f400 ConcurrentGCThread "G1 Refine#1" [stack: 0x000000e510200000,0x000000e510300000] [id=11572]
  0x0000020ab68c4da0 ConcurrentGCThread "G1 Service" [stack: 0x000000e50ed00000,0x000000e50ee00000] [id=21040]

Threads with active compile tasks:
C2 CompilerThread0     4682 1968       4       jdk.internal.org.objectweb.asm.Frame::execute (2305 bytes)

VM state: not at safepoint (normal execution)

VM Mutex/Monitor currently owned by a thread: None

Heap address: 0x0000000083200000, size: 1998 MB, Compressed Oops mode: 32-bit

CDS archive(s) mapped at: [0x0000000800000000-0x0000000800bc0000-0x0000000800bc0000), size 12320768, SharedBaseAddress: 0x0000000800000000, ArchiveRelocationMode: 0.
Compressed class space mapped at: 0x0000000800c00000-0x0000000840c00000, reserved size: 1073741824
Narrow klass base: 0x0000000800000000, Narrow klass shift: 0, Narrow klass range: 0x100000000

GC Precious Log:
 CPUs: 4 total, 4 available
 Memory: 7987M
 Large Page Support: Disabled
 NUMA Support: Disabled
 Compressed Oops: Enabled (32-bit)
 Heap Region Size: 1M
 Heap Min Capacity: 8M
 Heap Initial Capacity: 126M
 Heap Max Capacity: 1998M
 Pre-touch: Disabled
 Parallel Workers: 4
 Concurrent Workers: 1
 Concurrent Refinement Workers: 4
 Periodic GC: Disabled

Heap:
 garbage-first heap   total 129024K, used 21335K [0x0000000083200000, 0x0000000100000000)
  region size 1024K, 17 young (17408K), 3 survivors (3072K)
 Metaspace       used 16866K, committed 17152K, reserved 1064960K
  class space    used 2042K, committed 2176K, reserved 1048576K

Heap Regions: E=young(eden), S=young(survivor), O=old, HS=humongous(starts), HC=humongous(continues), CS=collection set, F=free, OA=open archive, CA=closed archive, TAMS=top-at-mark-start (previous, next)
|   0|0x0000000083200000, 0x0000000083300000, 0x0000000083300000|100%|HS|  |TAMS 0x0000000083200000, 0x0000000083200000| Complete 
|   1|0x0000000083300000, 0x0000000083400000, 0x0000000083400000|100%| O|  |TAMS 0x0000000083300000, 0x0000000083300000| Untracked 
|   2|0x0000000083400000, 0x0000000083500000, 0x0000000083500000|100%| O|  |TAMS 0x0000000083400000, 0x0000000083400000| Untracked 
|   3|0x0000000083500000, 0x0000000083600000, 0x0000000083600000|100%| O|  |TAMS 0x0000000083500000, 0x0000000083500000| Untracked 
|   4|0x0000000083600000, 0x0000000083700000, 0x0000000083700000|100%| O|  |TAMS 0x0000000083600000, 0x0000000083600000| Untracked 
|   5|0x0000000083700000, 0x0000000083800000, 0x0000000083800000|100%| O|  |TAMS 0x0000000083700000, 0x0000000083700000| Untracked 
|   6|0x0000000083800000, 0x0000000083872200, 0x0000000083900000| 44%| O|  |TAMS 0x0000000083800000, 0x0000000083800000| Untracked 
|   7|0x0000000083900000, 0x0000000083900000, 0x0000000083a00000|  0%| F|  |TAMS 0x0000000083900000, 0x0000000083900000| Untracked 
|   8|0x0000000083a00000, 0x0000000083a00000, 0x0000000083b00000|  0%| F|  |TAMS 0x0000000083a00000, 0x0000000083a00000| Untracked 
|   9|0x0000000083b00000, 0x0000000083b00000, 0x0000000083c00000|  0%| F|  |TAMS 0x0000000083b00000, 0x0000000083b00000| Untracked 
|  10|0x0000000083c00000, 0x0000000083c00000, 0x0000000083d00000|  0%| F|  |TAMS 0x0000000083c00000, 0x0000000083c00000| Untracked 
|  11|0x0000000083d00000, 0x0000000083d00000, 0x0000000083e00000|  0%| F|  |TAMS 0x0000000083d00000, 0x0000000083d00000| Untracked 
|  12|0x0000000083e00000, 0x0000000083e00000, 0x0000000083f00000|  0%| F|  |TAMS 0x0000000083e00000, 0x0000000083e00000| Untracked 
|  13|0x0000000083f00000, 0x0000000083f00000, 0x0000000084000000|  0%| F|  |TAMS 0x0000000083f00000, 0x0000000083f00000| Untracked 
|  14|0x0000000084000000, 0x0000000084000000, 0x0000000084100000|  0%| F|  |TAMS 0x0000000084000000, 0x0000000084000000| Untracked 
|  15|0x0000000084100000, 0x0000000084100000, 0x0000000084200000|  0%| F|  |TAMS 0x0000000084100000, 0x0000000084100000| Untracked 
|  16|0x0000000084200000, 0x0000000084200000, 0x0000000084300000|  0%| F|  |TAMS 0x0000000084200000, 0x0000000084200000| Untracked 
|  17|0x0000000084300000, 0x0000000084300000, 0x0000000084400000|  0%| F|  |TAMS 0x0000000084300000, 0x0000000084300000| Untracked 
|  18|0x0000000084400000, 0x0000000084400000, 0x0000000084500000|  0%| F|  |TAMS 0x0000000084400000, 0x0000000084400000| Untracked 
|  19|0x0000000084500000, 0x0000000084500000, 0x0000000084600000|  0%| F|  |TAMS 0x0000000084500000, 0x0000000084500000| Untracked 
|  20|0x0000000084600000, 0x0000000084600000, 0x0000000084700000|  0%| F|  |TAMS 0x0000000084600000, 0x0000000084600000| Untracked 
|  21|0x0000000084700000, 0x0000000084700000, 0x0000000084800000|  0%| F|  |TAMS 0x0000000084700000, 0x0000000084700000| Untracked 
|  22|0x0000000084800000, 0x0000000084800000, 0x0000000084900000|  0%| F|  |TAMS 0x0000000084800000, 0x0000000084800000| Untracked 
|  23|0x0000000084900000, 0x0000000084900000, 0x0000000084a00000|  0%| F|  |TAMS 0x0000000084900000, 0x0000000084900000| Untracked 
|  24|0x0000000084a00000, 0x0000000084a00000, 0x0000000084b00000|  0%| F|  |TAMS 0x0000000084a00000, 0x0000000084a00000| Untracked 
|  25|0x0000000084b00000, 0x0000000084b00000, 0x0000000084c00000|  0%| F|  |TAMS 0x0000000084b00000, 0x0000000084b00000| Untracked 
|  26|0x0000000084c00000, 0x0000000084c00000, 0x0000000084d00000|  0%| F|  |TAMS 0x0000000084c00000, 0x0000000084c00000| Untracked 
|  27|0x0000000084d00000, 0x0000000084d00000, 0x0000000084e00000|  0%| F|  |TAMS 0x0000000084d00000, 0x0000000084d00000| Untracked 
|  28|0x0000000084e00000, 0x0000000084e00000, 0x0000000084f00000|  0%| F|  |TAMS 0x0000000084e00000, 0x0000000084e00000| Untracked 
|  29|0x0000000084f00000, 0x0000000084f00000, 0x0000000085000000|  0%| F|  |TAMS 0x0000000084f00000, 0x0000000084f00000| Untracked 
|  30|0x0000000085000000, 0x0000000085000000, 0x0000000085100000|  0%| F|  |TAMS 0x0000000085000000, 0x0000000085000000| Untracked 
|  31|0x0000000085100000, 0x0000000085100000, 0x0000000085200000|  0%| F|  |TAMS 0x0000000085100000, 0x0000000085100000| Untracked 
|  32|0x0000000085200000, 0x0000000085200000, 0x0000000085300000|  0%| F|  |TAMS 0x0000000085200000, 0x0000000085200000| Untracked 
|  33|0x0000000085300000, 0x0000000085300000, 0x0000000085400000|  0%| F|  |TAMS 0x0000000085300000, 0x0000000085300000| Untracked 
|  34|0x0000000085400000, 0x0000000085400000, 0x0000000085500000|  0%| F|  |TAMS 0x0000000085400000, 0x0000000085400000| Untracked 
|  35|0x0000000085500000, 0x0000000085500000, 0x0000000085600000|  0%| F|  |TAMS 0x0000000085500000, 0x0000000085500000| Untracked 
|  36|0x0000000085600000, 0x0000000085600000, 0x0000000085700000|  0%| F|  |TAMS 0x0000000085600000, 0x0000000085600000| Untracked 
|  37|0x0000000085700000, 0x0000000085700000, 0x0000000085800000|  0%| F|  |TAMS 0x0000000085700000, 0x0000000085700000| Untracked 
|  38|0x0000000085800000, 0x0000000085800000, 0x0000000085900000|  0%| F|  |TAMS 0x0000000085800000, 0x0000000085800000| Untracked 
|  39|0x0000000085900000, 0x0000000085900000, 0x0000000085a00000|  0%| F|  |TAMS 0x0000000085900000, 0x0000000085900000| Untracked 
|  40|0x0000000085a00000, 0x0000000085a00000, 0x0000000085b00000|  0%| F|  |TAMS 0x0000000085a00000, 0x0000000085a00000| Untracked 
|  41|0x0000000085b00000, 0x0000000085b00000, 0x0000000085c00000|  0%| F|  |TAMS 0x0000000085b00000, 0x0000000085b00000| Untracked 
|  42|0x0000000085c00000, 0x0000000085c00000, 0x0000000085d00000|  0%| F|  |TAMS 0x0000000085c00000, 0x0000000085c00000| Untracked 
|  43|0x0000000085d00000, 0x0000000085d00000, 0x0000000085e00000|  0%| F|  |TAMS 0x0000000085d00000, 0x0000000085d00000| Untracked 
|  44|0x0000000085e00000, 0x0000000085e00000, 0x0000000085f00000|  0%| F|  |TAMS 0x0000000085e00000, 0x0000000085e00000| Untracked 
|  45|0x0000000085f00000, 0x0000000085f00000, 0x0000000086000000|  0%| F|  |TAMS 0x0000000085f00000, 0x0000000085f00000| Untracked 
|  46|0x0000000086000000, 0x0000000086000000, 0x0000000086100000|  0%| F|  |TAMS 0x0000000086000000, 0x0000000086000000| Untracked 
|  47|0x0000000086100000, 0x0000000086100000, 0x0000000086200000|  0%| F|  |TAMS 0x0000000086100000, 0x0000000086100000| Untracked 
|  48|0x0000000086200000, 0x0000000086200000, 0x0000000086300000|  0%| F|  |TAMS 0x0000000086200000, 0x0000000086200000| Untracked 
|  49|0x0000000086300000, 0x0000000086300000, 0x0000000086400000|  0%| F|  |TAMS 0x0000000086300000, 0x0000000086300000| Untracked 
|  50|0x0000000086400000, 0x0000000086400000, 0x0000000086500000|  0%| F|  |TAMS 0x0000000086400000, 0x0000000086400000| Untracked 
|  51|0x0000000086500000, 0x0000000086500000, 0x0000000086600000|  0%| F|  |TAMS 0x0000000086500000, 0x0000000086500000| Untracked 
|  52|0x0000000086600000, 0x0000000086600000, 0x0000000086700000|  0%| F|  |TAMS 0x0000000086600000, 0x0000000086600000| Untracked 
|  53|0x0000000086700000, 0x0000000086700000, 0x0000000086800000|  0%| F|  |TAMS 0x0000000086700000, 0x0000000086700000| Untracked 
|  54|0x0000000086800000, 0x0000000086800000, 0x0000000086900000|  0%| F|  |TAMS 0x0000000086800000, 0x0000000086800000| Untracked 
|  55|0x0000000086900000, 0x0000000086900000, 0x0000000086a00000|  0%| F|  |TAMS 0x0000000086900000, 0x0000000086900000| Untracked 
|  56|0x0000000086a00000, 0x0000000086a00000, 0x0000000086b00000|  0%| F|  |TAMS 0x0000000086a00000, 0x0000000086a00000| Untracked 
|  57|0x0000000086b00000, 0x0000000086b00000, 0x0000000086c00000|  0%| F|  |TAMS 0x0000000086b00000, 0x0000000086b00000| Untracked 
|  58|0x0000000086c00000, 0x0000000086c00000, 0x0000000086d00000|  0%| F|  |TAMS 0x0000000086c00000, 0x0000000086c00000| Untracked 
|  59|0x0000000086d00000, 0x0000000086d00000, 0x0000000086e00000|  0%| F|  |TAMS 0x0000000086d00000, 0x0000000086d00000| Untracked 
|  60|0x0000000086e00000, 0x0000000086e00000, 0x0000000086f00000|  0%| F|  |TAMS 0x0000000086e00000, 0x0000000086e00000| Untracked 
|  61|0x0000000086f00000, 0x0000000086f00000, 0x0000000087000000|  0%| F|  |TAMS 0x0000000086f00000, 0x0000000086f00000| Untracked 
|  62|0x0000000087000000, 0x0000000087000000, 0x0000000087100000|  0%| F|  |TAMS 0x0000000087000000, 0x0000000087000000| Untracked 
|  63|0x0000000087100000, 0x0000000087100000, 0x0000000087200000|  0%| F|  |TAMS 0x0000000087100000, 0x0000000087100000| Untracked 
|  64|0x0000000087200000, 0x0000000087200000, 0x0000000087300000|  0%| F|  |TAMS 0x0000000087200000, 0x0000000087200000| Untracked 
|  65|0x0000000087300000, 0x0000000087300000, 0x0000000087400000|  0%| F|  |TAMS 0x0000000087300000, 0x0000000087300000| Untracked 
|  66|0x0000000087400000, 0x0000000087400000, 0x0000000087500000|  0%| F|  |TAMS 0x0000000087400000, 0x0000000087400000| Untracked 
|  67|0x0000000087500000, 0x0000000087500000, 0x0000000087600000|  0%| F|  |TAMS 0x0000000087500000, 0x0000000087500000| Untracked 
|  68|0x0000000087600000, 0x0000000087600000, 0x0000000087700000|  0%| F|  |TAMS 0x0000000087600000, 0x0000000087600000| Untracked 
|  69|0x0000000087700000, 0x0000000087700000, 0x0000000087800000|  0%| F|  |TAMS 0x0000000087700000, 0x0000000087700000| Untracked 
|  70|0x0000000087800000, 0x0000000087800000, 0x0000000087900000|  0%| F|  |TAMS 0x0000000087800000, 0x0000000087800000| Untracked 
|  71|0x0000000087900000, 0x0000000087900000, 0x0000000087a00000|  0%| F|  |TAMS 0x0000000087900000, 0x0000000087900000| Untracked 
|  72|0x0000000087a00000, 0x0000000087a00000, 0x0000000087b00000|  0%| F|  |TAMS 0x0000000087a00000, 0x0000000087a00000| Untracked 
|  73|0x0000000087b00000, 0x0000000087b00000, 0x0000000087c00000|  0%| F|  |TAMS 0x0000000087b00000, 0x0000000087b00000| Untracked 
|  74|0x0000000087c00000, 0x0000000087c00000, 0x0000000087d00000|  0%| F|  |TAMS 0x0000000087c00000, 0x0000000087c00000| Untracked 
|  75|0x0000000087d00000, 0x0000000087d00000, 0x0000000087e00000|  0%| F|  |TAMS 0x0000000087d00000, 0x0000000087d00000| Untracked 
|  76|0x0000000087e00000, 0x0000000087e00000, 0x0000000087f00000|  0%| F|  |TAMS 0x0000000087e00000, 0x0000000087e00000| Untracked 
|  77|0x0000000087f00000, 0x0000000087f00000, 0x0000000088000000|  0%| F|  |TAMS 0x0000000087f00000, 0x0000000087f00000| Untracked 
|  78|0x0000000088000000, 0x0000000088000000, 0x0000000088100000|  0%| F|  |TAMS 0x0000000088000000, 0x0000000088000000| Untracked 
|  79|0x0000000088100000, 0x0000000088100000, 0x0000000088200000|  0%| F|  |TAMS 0x0000000088100000, 0x0000000088100000| Untracked 
|  80|0x0000000088200000, 0x0000000088200000, 0x0000000088300000|  0%| F|  |TAMS 0x0000000088200000, 0x0000000088200000| Untracked 
|  81|0x0000000088300000, 0x0000000088300000, 0x0000000088400000|  0%| F|  |TAMS 0x0000000088300000, 0x0000000088300000| Untracked 
|  82|0x0000000088400000, 0x0000000088400000, 0x0000000088500000|  0%| F|  |TAMS 0x0000000088400000, 0x0000000088400000| Untracked 
|  83|0x0000000088500000, 0x0000000088500000, 0x0000000088600000|  0%| F|  |TAMS 0x0000000088500000, 0x0000000088500000| Untracked 
|  84|0x0000000088600000, 0x0000000088600000, 0x0000000088700000|  0%| F|  |TAMS 0x0000000088600000, 0x0000000088600000| Untracked 
|  85|0x0000000088700000, 0x0000000088700000, 0x0000000088800000|  0%| F|  |TAMS 0x0000000088700000, 0x0000000088700000| Untracked 
|  86|0x0000000088800000, 0x0000000088800000, 0x0000000088900000|  0%| F|  |TAMS 0x0000000088800000, 0x0000000088800000| Untracked 
|  87|0x0000000088900000, 0x0000000088900000, 0x0000000088a00000|  0%| F|  |TAMS 0x0000000088900000, 0x0000000088900000| Untracked 
|  88|0x0000000088a00000, 0x0000000088a00000, 0x0000000088b00000|  0%| F|  |TAMS 0x0000000088a00000, 0x0000000088a00000| Untracked 
|  89|0x0000000088b00000, 0x0000000088b00000, 0x0000000088c00000|  0%| F|  |TAMS 0x0000000088b00000, 0x0000000088b00000| Untracked 
|  90|0x0000000088c00000, 0x0000000088c00000, 0x0000000088d00000|  0%| F|  |TAMS 0x0000000088c00000, 0x0000000088c00000| Untracked 
|  91|0x0000000088d00000, 0x0000000088d00000, 0x0000000088e00000|  0%| F|  |TAMS 0x0000000088d00000, 0x0000000088d00000| Untracked 
|  92|0x0000000088e00000, 0x0000000088e00000, 0x0000000088f00000|  0%| F|  |TAMS 0x0000000088e00000, 0x0000000088e00000| Untracked 
|  93|0x0000000088f00000, 0x0000000088f00000, 0x0000000089000000|  0%| F|  |TAMS 0x0000000088f00000, 0x0000000088f00000| Untracked 
|  94|0x0000000089000000, 0x0000000089000000, 0x0000000089100000|  0%| F|  |TAMS 0x0000000089000000, 0x0000000089000000| Untracked 
|  95|0x0000000089100000, 0x0000000089100000, 0x0000000089200000|  0%| F|  |TAMS 0x0000000089100000, 0x0000000089100000| Untracked 
|  96|0x0000000089200000, 0x0000000089200000, 0x0000000089300000|  0%| F|  |TAMS 0x0000000089200000, 0x0000000089200000| Untracked 
|  97|0x0000000089300000, 0x0000000089300000, 0x0000000089400000|  0%| F|  |TAMS 0x0000000089300000, 0x0000000089300000| Untracked 
|  98|0x0000000089400000, 0x0000000089400000, 0x0000000089500000|  0%| F|  |TAMS 0x0000000089400000, 0x0000000089400000| Untracked 
|  99|0x0000000089500000, 0x0000000089500000, 0x0000000089600000|  0%| F|  |TAMS 0x0000000089500000, 0x0000000089500000| Untracked 
| 100|0x0000000089600000, 0x0000000089663c08, 0x0000000089700000| 38%| S|CS|TAMS 0x0000000089600000, 0x0000000089600000| Complete 
| 101|0x0000000089700000, 0x0000000089800000, 0x0000000089800000|100%| S|CS|TAMS 0x0000000089700000, 0x0000000089700000| Complete 
| 102|0x0000000089800000, 0x0000000089900000, 0x0000000089900000|100%| S|CS|TAMS 0x0000000089800000, 0x0000000089800000| Complete 
| 103|0x0000000089900000, 0x0000000089900000, 0x0000000089a00000|  0%| F|  |TAMS 0x0000000089900000, 0x0000000089900000| Untracked 
| 104|0x0000000089a00000, 0x0000000089a00000, 0x0000000089b00000|  0%| F|  |TAMS 0x0000000089a00000, 0x0000000089a00000| Untracked 
| 105|0x0000000089b00000, 0x0000000089b00000, 0x0000000089c00000|  0%| F|  |TAMS 0x0000000089b00000, 0x0000000089b00000| Untracked 
| 106|0x0000000089c00000, 0x0000000089c00000, 0x0000000089d00000|  0%| F|  |TAMS 0x0000000089c00000, 0x0000000089c00000| Untracked 
| 107|0x0000000089d00000, 0x0000000089d00000, 0x0000000089e00000|  0%| F|  |TAMS 0x0000000089d00000, 0x0000000089d00000| Untracked 
| 108|0x0000000089e00000, 0x0000000089e00000, 0x0000000089f00000|  0%| F|  |TAMS 0x0000000089e00000, 0x0000000089e00000| Untracked 
| 109|0x0000000089f00000, 0x0000000089f00000, 0x000000008a000000|  0%| F|  |TAMS 0x0000000089f00000, 0x0000000089f00000| Untracked 
| 110|0x000000008a000000, 0x000000008a000000, 0x000000008a100000|  0%| F|  |TAMS 0x000000008a000000, 0x000000008a000000| Untracked 
| 111|0x000000008a100000, 0x000000008a100000, 0x000000008a200000|  0%| F|  |TAMS 0x000000008a100000, 0x000000008a100000| Untracked 
| 112|0x000000008a200000, 0x000000008a26b958, 0x000000008a300000| 42%| E|  |TAMS 0x000000008a200000, 0x000000008a200000| Complete 
| 113|0x000000008a300000, 0x000000008a400000, 0x000000008a400000|100%| E|CS|TAMS 0x000000008a300000, 0x000000008a300000| Complete 
| 114|0x000000008a400000, 0x000000008a500000, 0x000000008a500000|100%| E|CS|TAMS 0x000000008a400000, 0x000000008a400000| Complete 
| 115|0x000000008a500000, 0x000000008a600000, 0x000000008a600000|100%| E|CS|TAMS 0x000000008a500000, 0x000000008a500000| Complete 
| 116|0x000000008a600000, 0x000000008a700000, 0x000000008a700000|100%| E|CS|TAMS 0x000000008a600000, 0x000000008a600000| Complete 
| 117|0x000000008a700000, 0x000000008a800000, 0x000000008a800000|100%| E|CS|TAMS 0x000000008a700000, 0x000000008a700000| Complete 
| 118|0x000000008a800000, 0x000000008a900000, 0x000000008a900000|100%| E|CS|TAMS 0x000000008a800000, 0x000000008a800000| Complete 
| 119|0x000000008a900000, 0x000000008aa00000, 0x000000008aa00000|100%| E|CS|TAMS 0x000000008a900000, 0x000000008a900000| Complete 
| 120|0x000000008aa00000, 0x000000008ab00000, 0x000000008ab00000|100%| E|CS|TAMS 0x000000008aa00000, 0x000000008aa00000| Complete 
| 121|0x000000008ab00000, 0x000000008ac00000, 0x000000008ac00000|100%| E|CS|TAMS 0x000000008ab00000, 0x000000008ab00000| Complete 
| 122|0x000000008ac00000, 0x000000008ad00000, 0x000000008ad00000|100%| E|CS|TAMS 0x000000008ac00000, 0x000000008ac00000| Complete 
| 123|0x000000008ad00000, 0x000000008ae00000, 0x000000008ae00000|100%| E|  |TAMS 0x000000008ad00000, 0x000000008ad00000| Complete 
| 124|0x000000008ae00000, 0x000000008af00000, 0x000000008af00000|100%| E|CS|TAMS 0x000000008ae00000, 0x000000008ae00000| Complete 
| 125|0x000000008af00000, 0x000000008b000000, 0x000000008b000000|100%| E|CS|TAMS 0x000000008af00000, 0x000000008af00000| Complete 

Card table byte_map: [0x0000020aafdb0000,0x0000020ab01a0000] _byte_map_base: 0x0000020aaf997000

Marking Bits (Prev, Next): (CMBitMap*) 0x0000020a973e8830, (CMBitMap*) 0x0000020a973e8870
 Prev Bits: [0x0000020ab0590000, 0x0000020ab24c8000)
 Next Bits: [0x0000020ab24d0000, 0x0000020ab4408000)

Polling page: 0x0000020a97200000

Metaspace:

Usage:
  Non-class:     14.48 MB used.
      Class:      1.99 MB used.
       Both:     16.47 MB used.

Virtual space:
  Non-class space:       16.00 MB reserved,      14.62 MB ( 91%) committed,  2 nodes.
      Class space:        1.00 GB reserved,       2.12 MB ( <1%) committed,  1 nodes.
             Both:        1.02 GB reserved,      16.75 MB (  2%) committed. 

Chunk freelists:
   Non-Class:  1.14 MB
       Class:  1.92 MB
        Both:  3.06 MB

MaxMetaspaceSize: unlimited
CompressedClassSpaceSize: 1.00 GB
Initial GC threshold: 21.00 MB
Current GC threshold: 21.00 MB
CDS: on
MetaspaceReclaimPolicy: balanced
 - commit_granule_bytes: 65536.
 - commit_granule_words: 8192.
 - virtual_space_node_default_size: 1048576.
 - enlarge_chunks_in_place: 1.
 - new_chunks_are_fully_committed: 0.
 - uncommit_free_chunks: 1.
 - use_allocation_guard: 0.
 - handle_deallocations: 1.


Internal statistics:

num_allocs_failed_limit: 0.
num_arena_births: 228.
num_arena_deaths: 0.
num_vsnodes_births: 3.
num_vsnodes_deaths: 0.
num_space_committed: 268.
num_space_uncommitted: 0.
num_chunks_returned_to_freelist: 0.
num_chunks_taken_from_freelist: 648.
num_chunk_merges: 0.
num_chunk_splits: 466.
num_chunks_enlarged: 375.
num_purges: 0.
num_inconsistent_stats: 0.

CodeHeap 'non-profiled nmethods': size=120000Kb used=676Kb max_used=676Kb free=119323Kb
 bounds [0x0000020aa7e70000, 0x0000020aa80e0000, 0x0000020aaf3a0000]
CodeHeap 'profiled nmethods': size=120000Kb used=4022Kb max_used=4022Kb free=115977Kb
 bounds [0x0000020aa0940000, 0x0000020aa0d30000, 0x0000020aa7e70000]
CodeHeap 'non-nmethods': size=5760Kb used=1212Kb max_used=1229Kb free=4547Kb
 bounds [0x0000020aa03a0000, 0x0000020aa0610000, 0x0000020aa0940000]
 total_blobs=2574 nmethods=2069 adapters=417
 compilation: enabled
              stopped_count=0, restarted_count=0
 full_count=0

Compilation events (20 events):
Event: 4.589 Thread 0x0000020ab6a91740 nmethod 2059 0x0000020aa0d2bc10 code [0x0000020aa0d2bda0, 0x0000020aa0d2bef8]
Event: 4.589 Thread 0x0000020ab6a91740 2060       3       jdk.internal.loader.AbstractClassLoaderValue::sub (10 bytes)
Event: 4.589 Thread 0x0000020ab878e810 nmethod 2058 0x0000020aa7f17490 code [0x0000020aa7f17600, 0x0000020aa7f176b8]
Event: 4.589 Thread 0x0000020ab6a91740 nmethod 2060 0x0000020aa0d2bf90 code [0x0000020aa0d2c140, 0x0000020aa0d2c478]
Event: 4.589 Thread 0x0000020ab6a91740 2061       3       jdk.internal.loader.AbstractClassLoaderValue$Sub::<init> (15 bytes)
Event: 4.589 Thread 0x0000020ab6a91740 nmethod 2061 0x0000020aa0d2c590 code [0x0000020aa0d2c740, 0x0000020aa0d2c9b8]
Event: 4.600 Thread 0x0000020ab878e810 2062       4       jdk.internal.misc.Unsafe::allocateUninitializedArray (55 bytes)
Event: 4.602 Thread 0x0000020ab878e810 nmethod 2062 0x0000020aa7f17790 code [0x0000020aa7f17920, 0x0000020aa7f17af8]
Event: 4.610 Thread 0x0000020ab6a91740 2063       3       java.util.concurrent.ConcurrentHashMap::containsKey (14 bytes)
Event: 4.610 Thread 0x0000020ab6a91740 nmethod 2063 0x0000020aa0d2ca90 code [0x0000020aa0d2cc40, 0x0000020aa0d2cde8]
Event: 4.610 Thread 0x0000020ab6a91740 2064       3       java.util.LinkedHashMap::<init> (10 bytes)
Event: 4.610 Thread 0x0000020ab6a91740 nmethod 2064 0x0000020aa0d2ce90 code [0x0000020aa0d2d040, 0x0000020aa0d2d278]
Event: 4.610 Thread 0x0000020ab878e810 2065       4       sun.reflect.generics.parser.SignatureParser::skipIdentifier (67 bytes)
Event: 4.618 Thread 0x0000020ab878e810 nmethod 2065 0x0000020aa7f17c90 code [0x0000020aa7f17e40, 0x0000020aa7f18138]
Event: 4.621 Thread 0x0000020ab6a91740 2066       3       java.util.IdentityHashMap::hash (18 bytes)
Event: 4.621 Thread 0x0000020ab6a91740 nmethod 2066 0x0000020aa0d2d390 code [0x0000020aa0d2d520, 0x0000020aa0d2d648]
Event: 4.623 Thread 0x0000020ab878e810 2067       4       java.util.WeakHashMap::hash (28 bytes)
Event: 4.624 Thread 0x0000020ab878e810 nmethod 2067 0x0000020aa7f18490 code [0x0000020aa7f18620, 0x0000020aa7f18738]
Event: 4.627 Thread 0x0000020ab6a91740 2068       3       java.lang.Short::<init> (10 bytes)
Event: 4.628 Thread 0x0000020ab6a91740 nmethod 2068 0x0000020aa0d2d710 code [0x0000020aa0d2d8c0, 0x0000020aa0d2da98]

GC Heap History (6 events):
Event: 1.389 GC heap before
{Heap before GC invocations=0 (full 0):
 garbage-first heap   total 129024K, used 13312K [0x0000000083200000, 0x0000000100000000)
  region size 1024K, 13 young (13312K), 0 survivors (0K)
 Metaspace       used 5510K, committed 5632K, reserved 1056768K
  class space    used 592K, committed 640K, reserved 1048576K
}
Event: 1.400 GC heap after
{Heap after GC invocations=1 (full 0):
 garbage-first heap   total 129024K, used 6777K [0x0000000083200000, 0x0000000100000000)
  region size 1024K, 2 young (2048K), 2 survivors (2048K)
 Metaspace       used 5510K, committed 5632K, reserved 1056768K
  class space    used 592K, committed 640K, reserved 1048576K
}
Event: 2.313 GC heap before
{Heap before GC invocations=1 (full 0):
 garbage-first heap   total 129024K, used 14969K [0x0000000083200000, 0x0000000100000000)
  region size 1024K, 10 young (10240K), 2 survivors (2048K)
 Metaspace       used 7887K, committed 8064K, reserved 1056768K
  class space    used 898K, committed 960K, reserved 1048576K
}
Event: 2.318 GC heap after
{Heap after GC invocations=2 (full 0):
 garbage-first heap   total 129024K, used 7563K [0x0000000083200000, 0x0000000100000000)
  region size 1024K, 1 young (1024K), 1 survivors (1024K)
 Metaspace       used 7887K, committed 8064K, reserved 1056768K
  class space    used 898K, committed 960K, reserved 1048576K
}
Event: 4.193 GC heap before
{Heap before GC invocations=2 (full 0):
 garbage-first heap   total 129024K, used 29067K [0x0000000083200000, 0x0000000100000000)
  region size 1024K, 23 young (23552K), 1 survivors (1024K)
 Metaspace       used 13742K, committed 13952K, reserved 1064960K
  class space    used 1640K, committed 1728K, reserved 1048576K
}
Event: 4.198 GC heap after
{Heap after GC invocations=3 (full 0):
 garbage-first heap   total 129024K, used 9047K [0x0000000083200000, 0x0000000100000000)
  region size 1024K, 3 young (3072K), 3 survivors (3072K)
 Metaspace       used 13742K, committed 13952K, reserved 1064960K
  class space    used 1640K, committed 1728K, reserved 1048576K
}

Deoptimization events (20 events):
Event: 4.417 Thread 0x0000020a97384fb0 Uncommon trap: trap_request=0xffffff45 fr.pc=0x0000020aa7f00fb4 relative=0x0000000000000494
Event: 4.417 Thread 0x0000020a97384fb0 Uncommon trap: reason=unstable_if action=reinterpret pc=0x0000020aa7f00fb4 method=org.springframework.util.ConcurrentReferenceHashMap$Segment.restructureIfNecessary(Z)V @ 21 c2
Event: 4.417 Thread 0x0000020a97384fb0 DEOPT PACKING pc=0x0000020aa7f00fb4 sp=0x000000e50e8fddd0
Event: 4.417 Thread 0x0000020a97384fb0 DEOPT UNPACKING pc=0x0000020aa03f5c23 sp=0x000000e50e8fdd80 mode 2
Event: 4.603 Thread 0x0000020ab7fd8310 Uncommon trap: trap_request=0xffffffde fr.pc=0x0000020aa7f17a34 relative=0x0000000000000114
Event: 4.603 Thread 0x0000020ab7fd8310 Uncommon trap: reason=class_check action=maybe_recompile pc=0x0000020aa7f17a34 method=jdk.internal.misc.Unsafe.allocateUninitializedArray(Ljava/lang/Class;I)Ljava/lang/Object; @ 51 c2
Event: 4.603 Thread 0x0000020ab7fd8310 DEOPT PACKING pc=0x0000020aa7f17a34 sp=0x000000e5103fa510
Event: 4.603 Thread 0x0000020ab7fd8310 DEOPT UNPACKING pc=0x0000020aa03f5c23 sp=0x000000e5103fa498 mode 2
Event: 4.603 Thread 0x0000020ab7fd8310 Uncommon trap: trap_request=0xffffffde fr.pc=0x0000020aa7f17a34 relative=0x0000000000000114
Event: 4.603 Thread 0x0000020ab7fd8310 Uncommon trap: reason=class_check action=maybe_recompile pc=0x0000020aa7f17a34 method=jdk.internal.misc.Unsafe.allocateUninitializedArray(Ljava/lang/Class;I)Ljava/lang/Object; @ 51 c2
Event: 4.603 Thread 0x0000020ab7fd8310 DEOPT PACKING pc=0x0000020aa7f17a34 sp=0x000000e5103fa110
Event: 4.603 Thread 0x0000020ab7fd8310 DEOPT UNPACKING pc=0x0000020aa03f5c23 sp=0x000000e5103fa098 mode 2
Event: 4.607 Thread 0x0000020ab7fd8310 Uncommon trap: trap_request=0xffffffde fr.pc=0x0000020aa7f17a34 relative=0x0000000000000114
Event: 4.607 Thread 0x0000020ab7fd8310 Uncommon trap: reason=class_check action=maybe_recompile pc=0x0000020aa7f17a34 method=jdk.internal.misc.Unsafe.allocateUninitializedArray(Ljava/lang/Class;I)Ljava/lang/Object; @ 51 c2
Event: 4.607 Thread 0x0000020ab7fd8310 DEOPT PACKING pc=0x0000020aa7f17a34 sp=0x000000e5103f8b70
Event: 4.607 Thread 0x0000020ab7fd8310 DEOPT UNPACKING pc=0x0000020aa03f5c23 sp=0x000000e5103f8af8 mode 2
Event: 4.607 Thread 0x0000020ab7fd8310 Uncommon trap: trap_request=0xffffffde fr.pc=0x0000020aa7f17a34 relative=0x0000000000000114
Event: 4.607 Thread 0x0000020ab7fd8310 Uncommon trap: reason=class_check action=maybe_recompile pc=0x0000020aa7f17a34 method=jdk.internal.misc.Unsafe.allocateUninitializedArray(Ljava/lang/Class;I)Ljava/lang/Object; @ 51 c2
Event: 4.607 Thread 0x0000020ab7fd8310 DEOPT PACKING pc=0x0000020aa7f17a34 sp=0x000000e5103f8770
Event: 4.607 Thread 0x0000020ab7fd8310 DEOPT UNPACKING pc=0x0000020aa03f5c23 sp=0x000000e5103f86f8 mode 2

Classes unloaded (0 events):
No events

Classes redefined (0 events):
No events

Internal exceptions (20 events):
Event: 3.021 Thread 0x0000020a97384fb0 Exception <a 'java/lang/NoSuchMethodError'{0x000000008a995ea8}: 'java.lang.Object java.lang.invoke.DirectMethodHandle$Holder.newInvokeSpecial(java.lang.Object, java.lang.Object, java.lang.Object, java.lang.Object, java.lang.Object, java.lang.Object, int)'> (0x000000008a995ea8) 
thrown [t:\workspace\open\src\hotspot\share\interpreter\linkResolver.cpp, line 766]
Event: 3.027 Thread 0x0000020a97384fb0 Exception <a 'java/lang/NoSuchMethodError'{0x000000008a99aee8}: 'java.lang.Object java.lang.invoke.DirectMethodHandle$Holder.invokeSpecial(java.lang.Object, java.lang.Object, java.lang.Object, java.lang.Object, java.lang.Object, java.lang.Object, java.lang.Object, int)'> (0x000000008a99aee8) 
thrown [t:\workspace\open\src\hotspot\share\interpreter\linkResolver.cpp, line 766]
Event: 3.192 Thread 0x0000020a97384fb0 Exception <a 'java/lang/NoSuchMethodError'{0x000000008a631fc0}: 'int java.lang.invoke.DirectMethodHandle$Holder.invokeVirtual(java.lang.Object, java.lang.Object)'> (0x000000008a631fc0) 
thrown [t:\workspace\open\src\hotspot\share\interpreter\linkResolver.cpp, line 766]
Event: 3.232 Thread 0x0000020a97384fb0 Exception <a 'java/lang/NoSuchMethodError'{0x000000008a6cf0c8}: 'java.lang.Object java.lang.invoke.DirectMethodHandle$Holder.invokeSpecial(java.lang.Object, java.lang.Object, java.lang.Object, int, java.lang.Object)'> (0x000000008a6cf0c8) 
thrown [t:\workspace\open\src\hotspot\share\interpreter\linkResolver.cpp, line 766]
Event: 3.233 Thread 0x0000020a97384fb0 Exception <a 'java/lang/NoSuchMethodError'{0x000000008a6d7728}: 'java.lang.Object java.lang.invoke.DirectMethodHandle$Holder.newInvokeSpecial(java.lang.Object, java.lang.Object, java.lang.Object, int, java.lang.Object)'> (0x000000008a6d7728) 
thrown [t:\workspace\open\src\hotspot\share\interpreter\linkResolver.cpp, line 766]
Event: 3.238 Thread 0x0000020a97384fb0 Exception <a 'java/lang/NoSuchMethodError'{0x000000008a6df358}: 'java.lang.Object java.lang.invoke.Invokers$Holder.linkToTargetMethod(java.lang.Object, java.lang.Object, int, java.lang.Object, java.lang.Object)'> (0x000000008a6df358) 
thrown [t:\workspace\open\src\hotspot\share\interpreter\linkResolver.cpp, line 766]
Event: 3.241 Thread 0x0000020a97384fb0 Exception <a 'java/lang/NoSuchMethodError'{0x000000008a6eded8}: 'java.lang.Object java.lang.invoke.DirectMethodHandle$Holder.newInvokeSpecial(java.lang.Object, int, java.lang.Object)'> (0x000000008a6eded8) 
thrown [t:\workspace\open\src\hotspot\share\interpreter\linkResolver.cpp, line 766]
Event: 3.241 Thread 0x0000020a97384fb0 Exception <a 'java/lang/NoSuchMethodError'{0x000000008a6f1ea8}: 'int java.lang.invoke.DirectMethodHandle$Holder.invokeSpecialIFC(java.lang.Object, java.lang.Object, java.lang.Object, java.lang.Object)'> (0x000000008a6f1ea8) 
thrown [t:\workspace\open\src\hotspot\share\interpreter\linkResolver.cpp, line 766]
Event: 3.291 Thread 0x0000020a97384fb0 Exception <a 'java/lang/NoSuchMethodError'{0x000000008a5d5ae0}: 'void java.lang.invoke.DirectMethodHandle$Holder.invokeInterface(java.lang.Object, java.lang.Object, java.lang.Object)'> (0x000000008a5d5ae0) 
thrown [t:\workspace\open\src\hotspot\share\interpreter\linkResolver.cpp, line 766]
Event: 3.429 Thread 0x0000020a97384fb0 Exception <a 'java/lang/NoSuchMethodError'{0x000000008a463fd0}: 'void java.lang.invoke.DirectMethodHandle$Holder.invokeStaticInit(java.lang.Object, java.lang.Object, java.lang.Object)'> (0x000000008a463fd0) 
thrown [t:\workspace\open\src\hotspot\share\interpreter\linkResolver.cpp, line 766]
Event: 3.445 Thread 0x0000020a97384fb0 Exception <a 'java/lang/NoSuchMethodError'{0x000000008a4ac5e0}: 'java.lang.Object java.lang.invoke.DirectMethodHandle$Holder.invokeVirtual(java.lang.Object, java.lang.Object, java.lang.Object)'> (0x000000008a4ac5e0) 
thrown [t:\workspace\open\src\hotspot\share\interpreter\linkResolver.cpp, line 766]
Event: 3.462 Thread 0x0000020a97384fb0 Exception <a 'java/lang/NoSuchMethodError'{0x000000008a4cd908}: 'java.lang.Object java.lang.invoke.DirectMethodHandle$Holder.invokeStatic(java.lang.Object, java.lang.Object, long, java.lang.Object)'> (0x000000008a4cd908) 
thrown [t:\workspace\open\src\hotspot\share\interpreter\linkResolver.cpp, line 766]
Event: 3.462 Thread 0x0000020a97384fb0 Exception <a 'java/lang/NoSuchMethodError'{0x000000008a4d13a0}: 'java.lang.Object java.lang.invoke.DirectMethodHandle$Holder.invokeStaticInit(java.lang.Object, java.lang.Object, long, java.lang.Object)'> (0x000000008a4d13a0) 
thrown [t:\workspace\open\src\hotspot\share\interpreter\linkResolver.cpp, line 766]
Event: 3.463 Thread 0x0000020a97384fb0 Exception <a 'java/lang/NoSuchMethodError'{0x000000008a4d79b0}: 'java.lang.Object java.lang.invoke.DirectMethodHandle$Holder.newInvokeSpecial(java.lang.Object, java.lang.Object, long)'> (0x000000008a4d79b0) 
thrown [t:\workspace\open\src\hotspot\share\interpreter\linkResolver.cpp, line 766]
Event: 3.464 Thread 0x0000020a97384fb0 Exception <a 'java/lang/NoSuchMethodError'{0x000000008a4db520}: 'java.lang.Object java.lang.invoke.Invokers$Holder.linkToTargetMethod(java.lang.Object, long, java.lang.Object)'> (0x000000008a4db520) 
thrown [t:\workspace\open\src\hotspot\share\interpreter\linkResolver.cpp, line 766]
Event: 3.548 Thread 0x0000020a97384fb0 Exception <a 'java/lang/NoSuchMethodError'{0x000000008a32bc60}: 'void java.lang.invoke.DirectMethodHandle$Holder.invokeSpecial(java.lang.Object, java.lang.Object, java.lang.Object, java.lang.Object, java.lang.Object)'> (0x000000008a32bc60) 
thrown [t:\workspace\open\src\hotspot\share\interpreter\linkResolver.cpp, line 766]
Event: 3.549 Thread 0x0000020a97384fb0 Exception <a 'java/lang/NoSuchMethodError'{0x000000008a3341f0}: 'void java.lang.invoke.DirectMethodHandle$Holder.invokeVirtual(java.lang.Object, java.lang.Object, java.lang.Object, java.lang.Object)'> (0x000000008a3341f0) 
thrown [t:\workspace\open\src\hotspot\share\interpreter\linkResolver.cpp, line 766]
Event: 3.666 Thread 0x0000020a97384fb0 Exception <a 'java/lang/NoSuchMethodError'{0x000000008a298488}: 'void java.lang.invoke.DirectMethodHandle$Holder.invokeSpecial(java.lang.Object, java.lang.Object, java.lang.Object)'> (0x000000008a298488) 
thrown [t:\workspace\open\src\hotspot\share\interpreter\linkResolver.cpp, line 766]
Event: 3.683 Thread 0x0000020ab7fd8310 Exception <a 'java/lang/NoClassDefFoundError'{0x000000008a2f3f98}: jakarta/validation/Validation> (0x000000008a2f3f98) 
thrown [t:\workspace\open\src\hotspot\share\classfile\systemDictionary.cpp, line 245]
Event: 3.692 Thread 0x0000020a97384fb0 Exception <a 'java/lang/IncompatibleClassChangeError'{0x000000008a2c85b0}: Found class java.lang.Object, but interface was expected> (0x000000008a2c85b0) 
thrown [t:\workspace\open\src\hotspot\share\interpreter\linkResolver.cpp, line 833]

VM Operations (20 events):
Event: 1.388 Executing VM operation: G1CollectForAllocation
Event: 1.401 Executing VM operation: G1CollectForAllocation done
Event: 1.641 Executing VM operation: HandshakeAllThreads
Event: 1.642 Executing VM operation: HandshakeAllThreads done
Event: 2.313 Executing VM operation: G1CollectForAllocation
Event: 2.318 Executing VM operation: G1CollectForAllocation done
Event: 2.387 Executing VM operation: HandshakeAllThreads
Event: 2.387 Executing VM operation: HandshakeAllThreads done
Event: 3.180 Executing VM operation: HandshakeAllThreads
Event: 3.180 Executing VM operation: HandshakeAllThreads done
Event: 3.659 Executing VM operation: HandshakeAllThreads
Event: 3.659 Executing VM operation: HandshakeAllThreads done
Event: 3.659 Executing VM operation: Cleanup
Event: 3.659 Executing VM operation: Cleanup done
Event: 3.659 Executing VM operation: HandshakeAllThreads
Event: 3.659 Executing VM operation: HandshakeAllThreads done
Event: 4.193 Executing VM operation: G1CollectForAllocation
Event: 4.198 Executing VM operation: G1CollectForAllocation done
Event: 4.590 Executing VM operation: HandshakeAllThreads
Event: 4.590 Executing VM operation: HandshakeAllThreads done

Events (20 events):
Event: 4.268 loading class sun/text/resources/cldr/FormatData_en_US done
Event: 4.285 loading class java/lang/StackTraceElement$HashedModules
Event: 4.285 loading class java/lang/StackTraceElement$HashedModules done
Event: 4.287 loading class java/io/CharArrayReader
Event: 4.288 loading class java/io/CharArrayReader done
Event: 4.292 loading class java/time/ZonedDateTime$1
Event: 4.292 loading class java/time/ZonedDateTime$1 done
Event: 4.320 loading class org/xml/sax/ErrorHandler
Event: 4.320 loading class org/xml/sax/ErrorHandler done
Event: 4.320 loading class org/xml/sax/SAXParseException
Event: 4.323 loading class org/xml/sax/SAXParseException done
Event: 4.334 loading class java/io/CharConversionException
Event: 4.339 loading class java/io/CharConversionException done
Event: 4.398 loading class java/lang/annotation/Repeatable
Event: 4.398 loading class java/lang/annotation/Repeatable done
Event: 4.441 Thread 0x0000020ab878e810 Thread added: 0x0000020ab878e810
Event: 4.627 loading class java/lang/Byte$ByteCache
Event: 4.627 loading class java/lang/Byte$ByteCache done
Event: 4.627 loading class java/lang/Short$ShortCache
Event: 4.627 loading class java/lang/Short$ShortCache done


Dynamic libraries:
0x00007ff79e070000 - 0x00007ff79e080000 	C:\Program Files\Java\jdk-17.0.3.1\bin\java.exe
0x00007ffc6ccd0000 - 0x00007ffc6cee6000 	C:\WINDOWS\SYSTEM32\ntdll.dll
0x00007ffc6bac0000 - 0x00007ffc6bb84000 	C:\WINDOWS\System32\KERNEL32.DLL
0x00007ffc6a250000 - 0x00007ffc6a5f6000 	C:\WINDOWS\System32\KERNELBASE.dll
0x00007ffc6a130000 - 0x00007ffc6a241000 	C:\WINDOWS\System32\ucrtbase.dll
0x00007ffc4fe00000 - 0x00007ffc4fe18000 	C:\Program Files\Java\jdk-17.0.3.1\bin\jli.dll
0x00007ffc6b690000 - 0x00007ffc6b742000 	C:\WINDOWS\System32\ADVAPI32.dll
0x00007ffc6b5e0000 - 0x00007ffc6b687000 	C:\WINDOWS\System32\msvcrt.dll
0x00007ffc6aa20000 - 0x00007ffc6aac8000 	C:\WINDOWS\System32\sechost.dll
0x00007ffc6a010000 - 0x00007ffc6a038000 	C:\WINDOWS\System32\bcrypt.dll
0x00007ffc6b8f0000 - 0x00007ffc6ba05000 	C:\WINDOWS\System32\RPCRT4.dll
0x00007ffc6ab30000 - 0x00007ffc6acdd000 	C:\WINDOWS\System32\USER32.dll
0x00007ffc6a9f0000 - 0x00007ffc6aa16000 	C:\WINDOWS\System32\win32u.dll
0x00007ffc48720000 - 0x00007ffc4873a000 	C:\Program Files\Java\jdk-17.0.3.1\bin\VCRUNTIME140.dll
0x00007ffc6b5b0000 - 0x00007ffc6b5d9000 	C:\WINDOWS\System32\GDI32.dll
0x00007ffc6a8d0000 - 0x00007ffc6a9e8000 	C:\WINDOWS\System32\gdi32full.dll
0x00007ffc6a770000 - 0x00007ffc6a80a000 	C:\WINDOWS\System32\msvcp_win.dll
0x00007ffc525c0000 - 0x00007ffc52853000 	C:\WINDOWS\WinSxS\amd64_microsoft.windows.common-controls_6595b64144ccf1df_6.0.22621.3235_none_270f74e173860f98\COMCTL32.dll
0x00007ffc60ba0000 - 0x00007ffc60baa000 	C:\WINDOWS\SYSTEM32\VERSION.dll
0x00007ffc6c900000 - 0x00007ffc6c931000 	C:\WINDOWS\System32\IMM32.DLL
0x00007ffc4fa20000 - 0x00007ffc4fa2c000 	C:\Program Files\Java\jdk-17.0.3.1\bin\vcruntime140_1.dll
0x00007ffc38d10000 - 0x00007ffc38d9d000 	C:\Program Files\Java\jdk-17.0.3.1\bin\msvcp140.dll
0x00007ffbe1710000 - 0x00007ffbe22d0000 	C:\Program Files\Java\jdk-17.0.3.1\bin\server\jvm.dll
0x00007ffc6b100000 - 0x00007ffc6b108000 	C:\WINDOWS\System32\PSAPI.DLL
0x00007ffc49fb0000 - 0x00007ffc49fb9000 	C:\WINDOWS\SYSTEM32\WSOCK32.dll
0x00007ffc6ba40000 - 0x00007ffc6bab1000 	C:\WINDOWS\System32\WS2_32.dll
0x00007ffc5f7f0000 - 0x00007ffc5f824000 	C:\WINDOWS\SYSTEM32\WINMM.dll
0x00007ffc69010000 - 0x00007ffc69028000 	C:\WINDOWS\SYSTEM32\kernel.appcore.dll
0x00007ffc4cab0000 - 0x00007ffc4caba000 	C:\Program Files\Java\jdk-17.0.3.1\bin\jimage.dll
0x00007ffc672f0000 - 0x00007ffc67523000 	C:\WINDOWS\SYSTEM32\DBGHELP.DLL
0x00007ffc6bc10000 - 0x00007ffc6bf98000 	C:\WINDOWS\System32\combase.dll
0x00007ffc6cb50000 - 0x00007ffc6cc27000 	C:\WINDOWS\System32\OLEAUT32.dll
0x00007ffc42430000 - 0x00007ffc42462000 	C:\WINDOWS\SYSTEM32\dbgcore.DLL
0x00007ffc6a040000 - 0x00007ffc6a0ba000 	C:\WINDOWS\System32\bcryptPrimitives.dll
0x00007ffc46430000 - 0x00007ffc46455000 	C:\Program Files\Java\jdk-17.0.3.1\bin\java.dll
0x00007ffc25150000 - 0x00007ffc25226000 	C:\Program Files\Java\jdk-17.0.3.1\bin\jsvml.dll
0x00007ffc6bfa0000 - 0x00007ffc6c7fd000 	C:\WINDOWS\System32\SHELL32.dll
0x00007ffc67f20000 - 0x00007ffc68818000 	C:\WINDOWS\SYSTEM32\windows.storage.dll
0x00007ffc67de0000 - 0x00007ffc67f1e000 	C:\WINDOWS\SYSTEM32\wintypes.dll
0x00007ffc6ace0000 - 0x00007ffc6add3000 	C:\WINDOWS\System32\SHCORE.dll
0x00007ffc6cc30000 - 0x00007ffc6cc8e000 	C:\WINDOWS\System32\shlwapi.dll
0x00007ffc69f40000 - 0x00007ffc69f66000 	C:\WINDOWS\SYSTEM32\profapi.dll
0x00007ffc43d50000 - 0x00007ffc43d69000 	C:\Program Files\Java\jdk-17.0.3.1\bin\net.dll
0x00007ffc60090000 - 0x00007ffc601c7000 	C:\WINDOWS\SYSTEM32\WINHTTP.dll
0x00007ffc69490000 - 0x00007ffc694f9000 	C:\WINDOWS\system32\mswsock.dll
0x00007ffc43d30000 - 0x00007ffc43d46000 	C:\Program Files\Java\jdk-17.0.3.1\bin\nio.dll
0x00007ffc42490000 - 0x00007ffc424a8000 	C:\Program Files\Java\jdk-17.0.3.1\bin\zip.dll
0x00007ffc48710000 - 0x00007ffc48719000 	C:\Program Files\Java\jdk-17.0.3.1\bin\management.dll
0x00007ffc46b20000 - 0x00007ffc46b2b000 	C:\Program Files\Java\jdk-17.0.3.1\bin\management_ext.dll
0x00007ffc45410000 - 0x00007ffc45427000 	C:\WINDOWS\system32\napinsp.dll
0x00007ffc453f0000 - 0x00007ffc4540b000 	C:\WINDOWS\system32\pnrpnsp.dll
0x00007ffc68b40000 - 0x00007ffc68c39000 	C:\WINDOWS\SYSTEM32\DNSAPI.dll
0x00007ffc68ac0000 - 0x00007ffc68aed000 	C:\WINDOWS\SYSTEM32\IPHLPAPI.DLL
0x00007ffc6ba10000 - 0x00007ffc6ba19000 	C:\WINDOWS\System32\NSI.dll
0x00007ffc453d0000 - 0x00007ffc453e1000 	C:\WINDOWS\System32\winrnr.dll
0x00007ffc5f670000 - 0x00007ffc5f685000 	C:\WINDOWS\system32\wshbth.dll
0x00007ffc453a0000 - 0x00007ffc453c1000 	C:\WINDOWS\system32\nlansp_c.dll
0x00007ffc59d00000 - 0x00007ffc59d0a000 	C:\Windows\System32\rasadhlp.dll
0x00007ffc5dda0000 - 0x00007ffc5de23000 	C:\WINDOWS\System32\fwpuclnt.dll
0x00007ffc696e0000 - 0x00007ffc696fb000 	C:\WINDOWS\SYSTEM32\CRYPTSP.dll
0x00007ffc68f70000 - 0x00007ffc68fa5000 	C:\WINDOWS\system32\rsaenh.dll
0x00007ffc69550000 - 0x00007ffc6957c000 	C:\WINDOWS\SYSTEM32\USERENV.dll
0x00007ffc696d0000 - 0x00007ffc696dc000 	C:\WINDOWS\SYSTEM32\CRYPTBASE.dll
0x00007ffc60070000 - 0x00007ffc60089000 	C:\WINDOWS\SYSTEM32\dhcpcsvc6.DLL
0x00007ffc60050000 - 0x00007ffc6006f000 	C:\WINDOWS\SYSTEM32\dhcpcsvc.DLL

dbghelp: loaded successfully - version: 4.0.5 - missing functions: none
symbol engine: initialized successfully - sym options: 0x614 - pdb path: .;C:\Program Files\Java\jdk-17.0.3.1\bin;C:\WINDOWS\SYSTEM32;C:\WINDOWS\WinSxS\amd64_microsoft.windows.common-controls_6595b64144ccf1df_6.0.22621.3235_none_270f74e173860f98;C:\Program Files\Java\jdk-17.0.3.1\bin\server

VM Arguments:
jvm_args: -Dcom.sun.management.jmxremote -Dcom.sun.management.jmxremote.port=62041 -Dcom.sun.management.jmxremote.authenticate=false -Dcom.sun.management.jmxremote.ssl=false -Dspring.jmx.enabled=true -Djava.rmi.server.hostname=localhost -Dspring.application.admin.enabled=true -Dspring.boot.project.name=apicampeonatosfifa -XX:+ShowCodeDetailsInExceptionMessages -Dmanagement.endpoints.jmx.exposure.include=* 
java_command: apicampeonatosfifa.apicampeonatosfifa.ApicampeonatosfifaApplication
java_class_path (initial): C:\Users\Lenovo\Documents\Curso de Tecnicas de programacion 2024\API\apicampeonatosfifa\target\classes;C:\Users\Lenovo\.m2\repository\org\springframework\boot\spring-boot-starter-actuator\3.2.4\spring-boot-starter-actuator-3.2.4.jar;C:\Users\Lenovo\.m2\repository\org\springframework\boot\spring-boot-starter\3.2.4\spring-boot-starter-3.2.4.jar;C:\Users\Lenovo\.m2\repository\org\springframework\boot\spring-boot\3.2.4\spring-boot-3.2.4.jar;C:\Users\Lenovo\.m2\repository\org\springframework\boot\spring-boot-autoconfigure\3.2.4\spring-boot-autoconfigure-3.2.4.jar;C:\Users\Lenovo\.m2\repository\org\springframework\boot\spring-boot-starter-logging\3.2.4\spring-boot-starter-logging-3.2.4.jar;C:\Users\Lenovo\.m2\repository\ch\qos\logback\logback-classic\1.4.14\logback-classic-1.4.14.jar;C:\Users\Lenovo\.m2\repository\ch\qos\logback\logback-core\1.4.14\logback-core-1.4.14.jar;C:\Users\Lenovo\.m2\repository\org\apache\logging\log4j\log4j-to-slf4j\2.21.1\log4j-to-slf4j-2.21.1.jar;C:\Users\Lenovo\.m2\repository\org\apache\logging\log4j\log4j-api\2.21.1\log4j-api-2.21.1.jar;C:\Users\Lenovo\.m2\repository\org\slf4j\jul-to-slf4j\2.0.12\jul-to-slf4j-2.0.12.jar;C:\Users\Lenovo\.m2\repository\jakarta\annotation\jakarta.annotation-api\2.1.1\jakarta.annotation-api-2.1.1.jar;C:\Users\Lenovo\.m2\repository\org\yaml\snakeyaml\2.2\snakeyaml-2.2.jar;C:\Users\Lenovo\.m2\repository\org\springframework\boot\spring-boot-actuator-autoconfigure\3.2.4\spring-boot-actuator-autoconfigure-3.2.4.jar;C:\Users\Lenovo\.m2\repository\org\springframework\boot\spring-boot-actuator\3.2.4\spring-boot-actuator-3.2.4.jar;C:\Users\Lenovo\.m2\repository\com\fasterxml\jackson\core\jackson-databind\2.15.4\jackson-databind-2.15.4.jar;C:\Users\Lenovo\.m2\repository\com\fasterxml\jackson\core\jackson-annotations\2.15.4\jackson-annotations-2.15.4.jar;C:\Users\Lenovo\.m2\repository\com\fasterxml\jackson\core\jackson-core\2.15.4\jackson-core-2.15.4.jar;C:\Users\Lenovo\.m2\repository\com\faster
Launcher Type: SUN_STANDARD

[Global flags]
     intx CICompilerCount                          = 3                                         {product} {ergonomic}
     uint ConcGCThreads                            = 1                                         {product} {ergonomic}
     uint G1ConcRefinementThreads                  = 4                                         {product} {ergonomic}
   size_t G1HeapRegionSize                         = 1048576                                   {product} {ergonomic}
    uintx GCDrainStackTargetSize                   = 64                                        {product} {ergonomic}
   size_t InitialHeapSize                          = 132120576                                 {product} {ergonomic}
     bool ManagementServer                         = true                                      {product} {command line}
   size_t MarkStackSize                            = 4194304                                   {product} {ergonomic}
   size_t MaxHeapSize                              = 2095054848                                {product} {ergonomic}
   size_t MaxNewSize                               = 1256194048                                {product} {ergonomic}
   size_t MinHeapDeltaBytes                        = 1048576                                   {product} {ergonomic}
   size_t MinHeapSize                              = 8388608                                   {product} {ergonomic}
    uintx NonNMethodCodeHeapSize                   = 5832780                                {pd product} {ergonomic}
    uintx NonProfiledCodeHeapSize                  = 122912730                              {pd product} {ergonomic}
    uintx ProfiledCodeHeapSize                     = 122912730                              {pd product} {ergonomic}
    uintx ReservedCodeCacheSize                    = 251658240                              {pd product} {ergonomic}
     bool SegmentedCodeCache                       = true                                      {product} {ergonomic}
     bool ShowCodeDetailsInExceptionMessages       = true                                   {manageable} {command line}
   size_t SoftMaxHeapSize                          = 2095054848                             {manageable} {ergonomic}
     bool UseCompressedClassPointers               = true                           {product lp64_product} {ergonomic}
     bool UseCompressedOops                        = true                           {product lp64_product} {ergonomic}
     bool UseG1GC                                  = true                                      {product} {ergonomic}
     bool UseLargePagesIndividualAllocation        = false                                  {pd product} {ergonomic}

Logging:
Log output configuration:
 #0: stdout all=warning uptime,level,tags
 #1: stderr all=off uptime,level,tags

Environment Variables:
PATH=C:\Python311\Scripts\;C:\Python311\;C:\Program Files\Common Files\Oracle\Java\javapath;C:\Program Files (x86)\Common Files\Oracle\Java\javapath;C:\WINDOWS\system32;C:\WINDOWS;C:\WINDOWS\System32\Wbem;C:\WINDOWS\System32\WindowsPowerShell\v1.0\;C:\WINDOWS\System32\OpenSSH\;C:\Program Files\Git\cmd;C:\Program Files\nodejs\;C:\ProgramData\chocolatey\bin;C:\Users\Lenovo\AppData\Local\Microsoft\WindowsApps;C:\Users\Lenovo\AppData\Local\atom\bin;C:\Users\Lenovo\AppData\Local\Programs\Microsoft VS Code\bin;C:\Users\Lenovo\AppData\Local\GitHubDesktop\bin;C:\Users\Lenovo\AppData\Roaming\npm;C:\Users\Lenovo\AppData\Local\Microsoft\WindowsApps;;C:\Program Files\JetBrains\IntelliJ IDEA 2023.3.3\bin;
USERNAME=Lenovo
LANG=en_US.UTF-8
OS=Windows_NT
PROCESSOR_IDENTIFIER=Intel64 Family 6 Model 126 Stepping 5, GenuineIntel



---------------  S Y S T E M  ---------------

OS:
 Windows 11 , 64 bit Build 22621 (10.0.22621.3235)
OS uptime: 1 days 21:33 hours
Hyper-V role detected

CPU: total 4 (initial active 4) (2 cores per cpu, 2 threads per core) family 6 model 126 stepping 5 microcode 0xa0, cx8, cmov, fxsr, ht, mmx, 3dnowpref, sse, sse2, sse3, ssse3, sse4.1, sse4.2, popcnt, lzcnt, tsc, tscinvbit, avx, avx2, aes, erms, clmul, bmi1, bmi2, adx, avx512f, avx512dq, avx512cd, avx512bw, avx512vl, sha, fma, vzeroupper, avx512_vpopcntdq, avx512_vpclmulqdq, avx512_vaes, avx512_vnni, clflush, clflushopt, avx512_vbmi2, avx512_vbmi, hv

Memory: 4k page, system-wide physical 7987M (632M free)
TotalPageFile size 16187M (AvailPageFile size 3M)
current process WorkingSet (physical memory assigned to process): 112M, peak: 114M
current process commit charge ("private bytes"): 242M, peak: 245M

vm_info: Java HotSpot(TM) 64-Bit Server VM (17.0.3.1+2-LTS-6) for windows-amd64 JRE (17.0.3.1+2-LTS-6), built on Apr 25 2022 22:04:21 by "mach5one" with MS VC++ 16.8 / 16.9 (VS2019)

END.
